Watching for file changes with StatReloader
[01/Jul/2026 16:37:04] "GET / HTTP/1.1" 200 60772
[01/Jul/2026 16:37:05] "GET / HTTP/1.1" 200 60772
[01/Jul/2026 16:37:05] "GET /static/coach/css/style.css HTTP/1.1" 200 84496
[01/Jul/2026 16:37:05] "GET /static/coach/js/app.js HTTP/1.1" 200 82070
[01/Jul/2026 16:37:05] "GET /static/coach/js/providers.js HTTP/1.1" 200 9530
[01/Jul/2026 16:37:05] "GET /api/auth/user/ HTTP/1.1" 200 24
Not Found: /favicon.ico
[01/Jul/2026 16:37:05] "GET /favicon.ico HTTP/1.1" 404 4934
[01/Jul/2026 16:37:30] "GET / HTTP/1.1" 200 60772
[01/Jul/2026 16:37:30] "GET /static/coach/css/style.css HTTP/1.1" 200 84496
[01/Jul/2026 16:37:30] "GET /static/coach/js/providers.js HTTP/1.1" 200 9530
[01/Jul/2026 16:37:30] "GET /static/coach/js/app.js HTTP/1.1" 200 82070
[01/Jul/2026 16:37:30] "GET /api/auth/user/ HTTP/1.1" 200 24
Not Found: /favicon.ico
[01/Jul/2026 16:37:30] "GET /favicon.ico HTTP/1.1" 404 4934
[01/Jul/2026 16:39:12] "GET / HTTP/1.1" 200 60772
[01/Jul/2026 16:39:12] "GET /static/coach/js/providers.js HTTP/1.1" 200 9530
[01/Jul/2026 16:39:12] "GET /static/coach/css/style.css HTTP/1.1" 200 84869
[01/Jul/2026 16:39:12] "GET /static/coach/js/app.js HTTP/1.1" 200 82070
[01/Jul/2026 16:39:13] "GET /api/auth/user/ HTTP/1.1" 200 24
Not Found: /favicon.ico
[01/Jul/2026 16:39:13] "GET /favicon.ico HTTP/1.1" 404 4934
D:\Code-repos\Uccharon\coach\views.py changed, reloading.
Watching for file changes with StatReloader
